2020-03-07 10:03:52,929 ERROR 15396 nodejs.unhandledExceptionError: read ECONNRESET
    at TCP.onStreamRead (internal/stream_base_commons.js:201:27)
errno: "ECONNRESET"
code: "ECONNRESET"
syscall: "read"
name: "unhandledExceptionError"
pid: 15396
hostname: shenw

2020-03-07 16:19:31,764 ERROR 15396 nodejs.ClusterClientNoResponseError: client no response in 18177584ms exceeding maxIdleTime 60000ms, maybe the connection is close on other side.
    at Timeout._onTimeout (F:\huaserver\server\node_modules\_cluster-client@3.0.1@cluster-client\lib\leader.js:77:23)
    at listOnTimeout (internal/timers.js:531:17)
    at processTimers (internal/timers.js:475:7)
name: "ClusterClientNoResponseError"
pid: 15396
hostname: shenw

2020-03-07 19:57:01,549 ERROR 15396 nodejs.ClusterClientNoResponseError: client no response in 3727093ms exceeding maxIdleTime 60000ms, maybe the connection is close on other side.
    at Timeout._onTimeout (F:\huaserver\server\node_modules\_cluster-client@3.0.1@cluster-client\lib\leader.js:77:23)
    at listOnTimeout (internal/timers.js:531:17)
    at processTimers (internal/timers.js:475:7)
name: "ClusterClientNoResponseError"
pid: 15396
hostname: shenw

